[ApiTest]INFO:Sending Get Request /api/users?page=2
[org.apache.http.impl.conn.BasicClientConnectionManager]DEBUG:Get connection for route {s}->https://reqres.in:443
[org.apache.http.impl.conn.DefaultClientConnectionOperator]DEBUG:Connecting to reqres.in:443
[org.apache.http.client.protocol.RequestAddCookies]DEBUG:CookieSpec selected: ignoreCookies
[org.apache.http.client.protocol.RequestAuthCache]DEBUG:Auth cache not set in the context
[org.apache.http.client.protocol.RequestTargetAuthentication]DEBUG:Target auth state: UNCHALLENGED
[org.apache.http.client.protocol.RequestProxyAuthentication]DEBUG:Proxy auth state: UNCHALLENGED
[org.apache.http.impl.client.DefaultHttpClient]DEBUG:Attempt 1 to execute request
[org.apache.http.impl.conn.DefaultClientConnection]DEBUG:Sending request: GET /api/users?page=2 HTTP/1.1
[org.apache.http.wire]DEBUG: >> "GET /api/users?page=2 HTTP/1.1[\r][\n]"
[org.apache.http.wire]DEBUG: >> "Accept: */*[\r][\n]"
[org.apache.http.wire]DEBUG: >> "Host: reqres.in[\r][\n]"
[org.apache.http.wire]DEBUG: >> "Connection: Keep-Alive[\r][\n]"
[org.apache.http.wire]DEBUG: >> "User-Agent: Apache-HttpClient/4.5.13 (Java/15.0.2)[\r][\n]"
[org.apache.http.wire]DEBUG: >> "Accept-Encoding: gzip,deflate[\r][\n]"
[org.apache.http.wire]DEBUG: >> "[\r][\n]"
[org.apache.http.headers]DEBUG:>> GET /api/users?page=2 HTTP/1.1
[org.apache.http.headers]DEBUG:>> Accept: */*
[org.apache.http.headers]DEBUG:>> Host: reqres.in
[org.apache.http.headers]DEBUG:>> Connection: Keep-Alive
[org.apache.http.headers]DEBUG:>> User-Agent: Apache-HttpClient/4.5.13 (Java/15.0.2)
[org.apache.http.headers]DEBUG:>> Accept-Encoding: gzip,deflate
[org.apache.http.wire]DEBUG: << "HTTP/1.1 200 OK[\r][\n]"
[org.apache.http.wire]DEBUG: << "Date: Wed, 22 Sep 2021 07:49:19 GMT[\r][\n]"
[org.apache.http.wire]DEBUG: << "Content-Type: application/json; charset=utf-8[\r][\n]"
[org.apache.http.wire]DEBUG: << "Transfer-Encoding: chunked[\r][\n]"
[org.apache.http.wire]DEBUG: << "Connection: keep-alive[\r][\n]"
[org.apache.http.wire]DEBUG: << "x-powered-by: Express[\r][\n]"
[org.apache.http.wire]DEBUG: << "access-control-allow-origin: *[\r][\n]"
[org.apache.http.wire]DEBUG: << "etag: W/"406-ut0vzoCuidvyMf8arZpMpJ6ZRDw"[\r][\n]"
[org.apache.http.wire]DEBUG: << "via: 1.1 vegur[\r][\n]"
[org.apache.http.wire]DEBUG: << "Cache-Control: max-age=14400[\r][\n]"
[org.apache.http.wire]DEBUG: << "CF-Cache-Status: HIT[\r][\n]"
[org.apache.http.wire]DEBUG: << "Age: 2430[\r][\n]"
[org.apache.http.wire]DEBUG: << "Expect-CT: max-age=604800, report-uri="https://report-uri.cloudflare.com/cdn-cgi/beacon/expect-ct"[\r][\n]"
[org.apache.http.wire]DEBUG: << "Report-To: {"endpoints":[{"url":"https:\/\/a.nel.cloudflare.com\/report\/v3?s=YaJ1jTRovsZULCc%2B3NH8XIgyFR5XfMizoYuTVRUNQrTNNtDO7jVrQxEhYrE1Qnp084l3GmcFXvd52FyYdDZKaAyKZjxV%2Bi6G6rL%2FQEN4A7D0h38Jj8hz75V1lFQ%3D"}],"group":"cf-nel","max_age":604800}[\r][\n]"
[org.apache.http.wire]DEBUG: << "NEL: {"success_fraction":0,"report_to":"cf-nel","max_age":604800}[\r][\n]"
[org.apache.http.wire]DEBUG: << "Vary: Accept-Encoding[\r][\n]"
[org.apache.http.wire]DEBUG: << "Server: cloudflare[\r][\n]"
[org.apache.http.wire]DEBUG: << "CF-RAY: 6929ef9dbc403c06-BLR[\r][\n]"
[org.apache.http.wire]DEBUG: << "Content-Encoding: gzip[\r][\n]"
[org.apache.http.wire]DEBUG: << "alt-svc: h3=":443"; ma=86400, h3-29=":443"; ma=86400, h3-28=":443"; ma=86400, h3-27=":443"; ma=86400[\r][\n]"
[org.apache.http.wire]DEBUG: << "[\r][\n]"
[org.apache.http.impl.conn.DefaultClientConnection]DEBUG:Receiving response: HTTP/1.1 200 OK
[org.apache.http.headers]DEBUG:<< HTTP/1.1 200 OK
[org.apache.http.headers]DEBUG:<< Date: Wed, 22 Sep 2021 07:49:19 GMT
[org.apache.http.headers]DEBUG:<< Content-Type: application/json; charset=utf-8
[org.apache.http.headers]DEBUG:<< Transfer-Encoding: chunked
[org.apache.http.headers]DEBUG:<< Connection: keep-alive
[org.apache.http.headers]DEBUG:<< x-powered-by: Express
[org.apache.http.headers]DEBUG:<< access-control-allow-origin: *
[org.apache.http.headers]DEBUG:<< etag: W/"406-ut0vzoCuidvyMf8arZpMpJ6ZRDw"
[org.apache.http.headers]DEBUG:<< via: 1.1 vegur
[org.apache.http.headers]DEBUG:<< Cache-Control: max-age=14400
[org.apache.http.headers]DEBUG:<< CF-Cache-Status: HIT
[org.apache.http.headers]DEBUG:<< Age: 2430
[org.apache.http.headers]DEBUG:<< Expect-CT: max-age=604800, report-uri="https://report-uri.cloudflare.com/cdn-cgi/beacon/expect-ct"
[org.apache.http.headers]DEBUG:<< Report-To: {"endpoints":[{"url":"https:\/\/a.nel.cloudflare.com\/report\/v3?s=YaJ1jTRovsZULCc%2B3NH8XIgyFR5XfMizoYuTVRUNQrTNNtDO7jVrQxEhYrE1Qnp084l3GmcFXvd52FyYdDZKaAyKZjxV%2Bi6G6rL%2FQEN4A7D0h38Jj8hz75V1lFQ%3D"}],"group":"cf-nel","max_age":604800}
[org.apache.http.headers]DEBUG:<< NEL: {"success_fraction":0,"report_to":"cf-nel","max_age":604800}
[org.apache.http.headers]DEBUG:<< Vary: Accept-Encoding
[org.apache.http.headers]DEBUG:<< Server: cloudflare
[org.apache.http.headers]DEBUG:<< CF-RAY: 6929ef9dbc403c06-BLR
[org.apache.http.headers]DEBUG:<< Content-Encoding: gzip
[org.apache.http.headers]DEBUG:<< alt-svc: h3=":443"; ma=86400, h3-29=":443"; ma=86400, h3-28=":443"; ma=86400, h3-27=":443"; ma=86400
[org.apache.http.impl.client.DefaultHttpClient]DEBUG:Connection can be kept alive indefinitely
[io.restassured.internal.RequestSpecificationImpl$RestAssuredHttpBuilder]DEBUG:Parsing response as: application/json; charset=utf-8
[org.apache.http.wire]DEBUG: << "17b[\r][\n]"
[org.apache.http.wire]DEBUG: << "[0x1f][0x8b][0x8][0x0][0x0][0x0][0x0][0x0][0x0][0x3][0x8d][0xd2][0xcd]n[0xa3]0[0x14][0x86][0xe1][q[0xcf]l](Y[0xf4][0xc7][0xab][0xaa][0xd2][0xcc]t[0xd1]n[0xa2][0xd9]U[0xa3][0xea][0x4][0xe][0xe0][0xd6][0xd8][0xee][0xb1]i[0xa6][0x8a]r[0xef]UM4T[0x88]D[0xec][0x0][0xbf][0x1f]z[0x84][0xd8][0x81][0xc7][0x86]@[0xad]$x[0xe2][0xe7][0xe1][0xe6]RBt[0x11][\r][0xa8]bu[0xb8]L'!u[0x15]F[0x4][0xf5][0xb4][0x3]][0x81][0xba][0x92]@[0x1d]j[0x3][\n]"
[org.apache.http.wire]DEBUG: << ":][0xb6]H&3[0xb8][\r][0xce][0xde]2[0xbd]1[0x85]L[[0x90]Pk[0xe][0xf1][0xd9]bG[0xa0][0xe0]q[0xe8]@[0x82][0xc1][0xf1][0xe9]CZ[0x81][0x4]|[0xc7][0x88][0xc][\n]"
[org.apache.http.wire]DEBUG: << "[0xda][0x18]}Py[0xfe][0xff]E[0xb9][0xee][0x9a][0xbc][0xc6][0x92]B~u[0xae];l({[0xf1][\r][0xec][0xe5]@[0xb9][0x1e])F[0xdb]*[0xe0]GV[0x13]7[0xfd]I[0xcc][0xc3]PN0[0xbf][0xe][0xbb][0xa5][0x9c][0xeb][0x19][0xce][0xcd][0xc8][0x89]n[0xa3]1duo_[0xe9]8[0xe5]O[0xaa][0xa6][0x92][0xaf][0xcd]R[0xc6][0xcd][0xc][0xa3][0xb8][0x18][0x1d][0x9b][0xf]v6[0xab]5[0x99]*[0x1c]w[0xdc]}USF[0xda],u[0x14][0x17]s[0x90]b[0x84]4[0xe4][0xb8][0xa1][0x8c][0xaa]-[0xf2])[0xca][0xef][0xd4]M,?[0x87][0xd5]bL1[0x87]Y[0x8d][0x18][0xc6][0xb2]%[0x93][0xb5]nK[0xc6][0x1c][0xb7][0xac]S6[0xb1][0xdc][0xa7][0xd1]b[0xca][0xea];[0xe5][0xaf][0x84][0xd0]{[0xef]8[0x82][0xda]A[0xcf]fv[0xfd][0xe3][0xd0][0x9c][0xb7][0x84][0x95][0xb6][\r]H[0x88][0xf4]/[0xa6][0xff]E[0xbc][0x12]y[0xb1][0xa6][0xb7]5[0x5]Q3[0x91][0x14][0xa5][0xb3][0x91][0xf5][0xa6][0x8f][0xda][0xd9] [0xa2]K[0x9f]J[0x4][0xe2]wbQ[0xba][0x10][0x83]@&[0x81][0xde]3[0x95][0x1a]#Ug[0xb0][0xdf][0x2][0xf6][0x16][0x88]W[0x6][0x4][0x0][0x0]"
[org.apache.http.wire]DEBUG: << "[\r][\n]"
[org.apache.http.wire]DEBUG: << "0[\r][\n]"
[org.apache.http.wire]DEBUG: << "[\r][\n]"
[io.restassured.internal.RequestSpecificationImpl$RestAssuredHttpBuilder]DEBUG:Parsed data to instance of: class org.apache.http.conn.EofSensorInputStream
[org.apache.http.impl.conn.BasicClientConnectionManager]DEBUG:Releasing connection org.apache.http.impl.conn.ManagedClientConnectionImpl@6f1a80fb
[org.apache.http.impl.conn.BasicClientConnectionManager]DEBUG:Connection can be kept alive indefinitely
[org.apache.http.impl.conn.BasicClientConnectionManager]DEBUG:Get connection for route {s}->https://reqres.in:443
[org.apache.http.impl.conn.DefaultClientConnectionOperator]DEBUG:Connecting to reqres.in:443
[org.apache.http.client.protocol.RequestAddCookies]DEBUG:CookieSpec selected: ignoreCookies
[org.apache.http.client.protocol.RequestAuthCache]DEBUG:Auth cache not set in the context
[org.apache.http.client.protocol.RequestTargetAuthentication]DEBUG:Target auth state: UNCHALLENGED
[org.apache.http.client.protocol.RequestProxyAuthentication]DEBUG:Proxy auth state: UNCHALLENGED
[org.apache.http.impl.client.DefaultHttpClient]DEBUG:Attempt 1 to execute request
[org.apache.http.impl.conn.DefaultClientConnection]DEBUG:Sending request: GET /api/users?page=2&page=2 HTTP/1.1
[org.apache.http.wire]DEBUG: >> "GET /api/users?page=2&page=2 HTTP/1.1[\r][\n]"
[org.apache.http.wire]DEBUG: >> "Accept: */*[\r][\n]"
[org.apache.http.wire]DEBUG: >> "Host: reqres.in[\r][\n]"
[org.apache.http.wire]DEBUG: >> "Connection: Keep-Alive[\r][\n]"
[org.apache.http.wire]DEBUG: >> "User-Agent: Apache-HttpClient/4.5.13 (Java/15.0.2)[\r][\n]"
[org.apache.http.wire]DEBUG: >> "Accept-Encoding: gzip,deflate[\r][\n]"
[org.apache.http.wire]DEBUG: >> "[\r][\n]"
[org.apache.http.headers]DEBUG:>> GET /api/users?page=2&page=2 HTTP/1.1
[org.apache.http.headers]DEBUG:>> Accept: */*
[org.apache.http.headers]DEBUG:>> Host: reqres.in
[org.apache.http.headers]DEBUG:>> Connection: Keep-Alive
[org.apache.http.headers]DEBUG:>> User-Agent: Apache-HttpClient/4.5.13 (Java/15.0.2)
[org.apache.http.headers]DEBUG:>> Accept-Encoding: gzip,deflate
[org.apache.http.wire]DEBUG: << "HTTP/1.1 200 OK[\r][\n]"
[org.apache.http.wire]DEBUG: << "Date: Wed, 22 Sep 2021 07:49:20 GMT[\r][\n]"
[org.apache.http.wire]DEBUG: << "Content-Type: application/json; charset=utf-8[\r][\n]"
[org.apache.http.wire]DEBUG: << "Transfer-Encoding: chunked[\r][\n]"
[org.apache.http.wire]DEBUG: << "Connection: keep-alive[\r][\n]"
[org.apache.http.wire]DEBUG: << "x-powered-by: Express[\r][\n]"
[org.apache.http.wire]DEBUG: << "access-control-allow-origin: *[\r][\n]"
[org.apache.http.wire]DEBUG: << "etag: W/"406-ut0vzoCuidvyMf8arZpMpJ6ZRDw"[\r][\n]"
[org.apache.http.wire]DEBUG: << "via: 1.1 vegur[\r][\n]"
[org.apache.http.wire]DEBUG: << "Cache-Control: max-age=14400[\r][\n]"
[org.apache.http.wire]DEBUG: << "CF-Cache-Status: HIT[\r][\n]"
[org.apache.http.wire]DEBUG: << "Age: 270[\r][\n]"
[org.apache.http.wire]DEBUG: << "Expect-CT: max-age=604800, report-uri="https://report-uri.cloudflare.com/cdn-cgi/beacon/expect-ct"[\r][\n]"
[org.apache.http.wire]DEBUG: << "Report-To: {"endpoints":[{"url":"https:\/\/a.nel.cloudflare.com\/report\/v3?s=sHZffHgh0WpunQWDW%2Fu9AlF3%2F2CXeAC6N3YSpjsqiWC4jkdXrFD%2B48IlkZmDwYkOlZN7B4GVwumJIook6cWS4tQs%2BtIARnLgSFGl2EetK2TFobVVokahQy9A2cM%3D"}],"group":"cf-nel","max_age":604800}[\r][\n]"
[org.apache.http.wire]DEBUG: << "NEL: {"success_fraction":0,"report_to":"cf-nel","max_age":604800}[\r][\n]"
[org.apache.http.wire]DEBUG: << "Vary: Accept-Encoding[\r][\n]"
[org.apache.http.wire]DEBUG: << "Server: cloudflare[\r][\n]"
[org.apache.http.wire]DEBUG: << "CF-RAY: 6929efa25afd3c0d-BLR[\r][\n]"
[org.apache.http.wire]DEBUG: << "Content-Encoding: gzip[\r][\n]"
[org.apache.http.wire]DEBUG: << "alt-svc: h3=":443"; ma=86400, h3-29=":443"; ma=86400, h3-28=":443"; ma=86400, h3-27=":443"; ma=86400[\r][\n]"
[org.apache.http.wire]DEBUG: << "[\r][\n]"
[org.apache.http.impl.conn.DefaultClientConnection]DEBUG:Receiving response: HTTP/1.1 200 OK
[org.apache.http.headers]DEBUG:<< HTTP/1.1 200 OK
[org.apache.http.headers]DEBUG:<< Date: Wed, 22 Sep 2021 07:49:20 GMT
[org.apache.http.headers]DEBUG:<< Content-Type: application/json; charset=utf-8
[org.apache.http.headers]DEBUG:<< Transfer-Encoding: chunked
[org.apache.http.headers]DEBUG:<< Connection: keep-alive
[org.apache.http.headers]DEBUG:<< x-powered-by: Express
[org.apache.http.headers]DEBUG:<< access-control-allow-origin: *
[org.apache.http.headers]DEBUG:<< etag: W/"406-ut0vzoCuidvyMf8arZpMpJ6ZRDw"
[org.apache.http.headers]DEBUG:<< via: 1.1 vegur
[org.apache.http.headers]DEBUG:<< Cache-Control: max-age=14400
[org.apache.http.headers]DEBUG:<< CF-Cache-Status: HIT
[org.apache.http.headers]DEBUG:<< Age: 270
[org.apache.http.headers]DEBUG:<< Expect-CT: max-age=604800, report-uri="https://report-uri.cloudflare.com/cdn-cgi/beacon/expect-ct"
[org.apache.http.headers]DEBUG:<< Report-To: {"endpoints":[{"url":"https:\/\/a.nel.cloudflare.com\/report\/v3?s=sHZffHgh0WpunQWDW%2Fu9AlF3%2F2CXeAC6N3YSpjsqiWC4jkdXrFD%2B48IlkZmDwYkOlZN7B4GVwumJIook6cWS4tQs%2BtIARnLgSFGl2EetK2TFobVVokahQy9A2cM%3D"}],"group":"cf-nel","max_age":604800}
[org.apache.http.headers]DEBUG:<< NEL: {"success_fraction":0,"report_to":"cf-nel","max_age":604800}
[org.apache.http.headers]DEBUG:<< Vary: Accept-Encoding
[org.apache.http.headers]DEBUG:<< Server: cloudflare
[org.apache.http.headers]DEBUG:<< CF-RAY: 6929efa25afd3c0d-BLR
[org.apache.http.headers]DEBUG:<< Content-Encoding: gzip
[org.apache.http.headers]DEBUG:<< alt-svc: h3=":443"; ma=86400, h3-29=":443"; ma=86400, h3-28=":443"; ma=86400, h3-27=":443"; ma=86400
[org.apache.http.impl.client.DefaultHttpClient]DEBUG:Connection can be kept alive indefinitely
[io.restassured.internal.RequestSpecificationImpl$RestAssuredHttpBuilder]DEBUG:Parsing response as: application/json; charset=utf-8
[org.apache.http.wire]DEBUG: << "17b[\r][\n]"
[org.apache.http.wire]DEBUG: << "[0x1f][0x8b][0x8][0x0][0x0][0x0][0x0][0x0][0x0][0x3][0x8d][0xd2][0xcd]n[0xa3]0[0x14][0x86][0xe1][q[0xcf]l](Y[0xf4][0xc7][0xab][0xaa][0xd2][0xcc]t[0xd1]n[0xa2][0xd9]U[0xa3][0xea][0x4][0xe][0xe0][0xd6][0xd8][0xee][0xb1]i[0xa6][0x8a]r[0xef]UM4T[0x88]D[0xec][0x0][0xbf][0x1f]z[0x84][0xd8][0x81][0xc7][0x86]@[0xad]$x[0xe2][0xe7][0xe1][0xe6]RBt[0x11][\r][0xa8]bu[0xb8]L'!u[0x15]F[0x4][0xf5][0xb4][0x3]][0x81][0xba][0x92]@[0x1d]j[0x3][\n]"
[org.apache.http.wire]DEBUG: << ":][0xb6]H&3[0xb8][\r][0xce][0xde]2[0xbd]1[0x85]L[[0x90]Pk[0xe][0xf1][0xd9]bG[0xa0][0xe0]q[0xe8]@[0x82][0xc1][0xf1][0xe9]CZ[0x81][0x4]|[0xc7][0x88][0xc][\n]"
[org.apache.http.wire]DEBUG: << "[0xda][0x18]}Py[0xfe][0xff]E[0xb9][0xee][0x9a][0xbc][0xc6][0x92]B~u[0xae];l({[0xf1][\r][0xec][0xe5]@[0xb9][0x1e])F[0xdb]*[0xe0]GV[0x13]7[0xfd]I[0xcc][0xc3]PN0[0xbf][0xe][0xbb][0xa5][0x9c][0xeb][0x19][0xce][0xcd][0xc8][0x89]n[0xa3]1duo_[0xe9]8[0xe5]O[0xaa][0xa6][0x92][0xaf][0xcd]R[0xc6][0xcd][0xc][0xa3][0xb8][0x18][0x1d][0x9b][0xf]v6[0xab]5[0x99]*[0x1c]w[0xdc]}USF[0xda],u[0x14][0x17]s[0x90]b[0x84]4[0xe4][0xb8][0xa1][0x8c][0xaa]-[0xf2])[0xca][0xef][0xd4]M,?[0x87][0xd5]bL1[0x87]Y[0x8d][0x18][0xc6][0xb2]%[0x93][0xb5]nK[0xc6][0x1c][0xb7][0xac]S6[0xb1][0xdc][0xa7][0xd1]b[0xca][0xea];[0xe5][0xaf][0x84][0xd0]{[0xef]8[0x82][0xda]A[0xcf]fv[0xfd][0xe3][0xd0][0x9c][0xb7][0x84][0x95][0xb6][\r]H[0x88][0xf4]/[0xa6][0xff]E[0xbc][0x12]y[0xb1][0xa6][0xb7]5[0x5]Q3[0x91][0x14][0xa5][0xb3][0x91][0xf5][0xa6][0x8f][0xda][0xd9] [0xa2]K[0x9f]J[0x4][0xe2]wbQ[0xba][0x10][0x83]@&[0x81][0xde]3[0x95][0x1a]#Ug[0xb0][0xdf][0x2][0xf6][0x16][0x88]W[0x6][0x4][0x0][0x0]"
[org.apache.http.wire]DEBUG: << "[\r][\n]"
[org.apache.http.wire]DEBUG: << "0[\r][\n]"
[org.apache.http.wire]DEBUG: << "[\r][\n]"
[io.restassured.internal.RequestSpecificationImpl$RestAssuredHttpBuilder]DEBUG:Parsed data to instance of: class org.apache.http.conn.EofSensorInputStream
[org.apache.http.impl.conn.BasicClientConnectionManager]DEBUG:Releasing connection org.apache.http.impl.conn.ManagedClientConnectionImpl@24e83d19
[org.apache.http.impl.conn.BasicClientConnectionManager]DEBUG:Connection can be kept alive indefinitely
[ApiTest]INFO:Successfully Viewed Request
